[09-Jul-2024 23:02:38 US/Mountain] PHP Fatal error:  Uncaught Exception: DateTimeZone::__construct(): Unknown or bad timezone (Etc/Unknown) in /hermes/bosnacweb05/bosnacweb05cf/b2482/ipg.rhall29047217205/gccesc.org/assets/includes/calendar.extension.php:16
Stack trace:
#0 /hermes/bosnacweb05/bosnacweb05cf/b2482/ipg.rhall29047217205/gccesc.org/assets/includes/calendar.extension.php(16): DateTimeZone->__construct('Etc/Unknown')
#1 /hermes/bosnacweb05/bosnacweb05cf/b2482/ipg.rhall29047217205/gccesc.org/assets/includes/calendar.php(153): AFFC5Calendar_Extensions->convertDateFromTimezone(Object(DateTime), 'US/Mountain', 'Etc/Unknown', 'Y-m-d H:i:s')
#2 /hermes/bosnacweb05/bosnacweb05cf/b2482/ipg.rhall29047217205/gccesc.org/assets/includes/cal_events.php(11): AFFC5Calendar->json_transform()
#3 {main}
  thrown in /hermes/bosnacweb05/bosnacweb05cf/b2482/ipg.rhall29047217205/gccesc.org/assets/includes/calendar.extension.php on line 16
[09-Jul-2024 23:03:08 US/Mountain] PHP Fatal error:  Uncaught Exception: DateTimeZone::__construct(): Unknown or bad timezone (Etc/Unknown) in /hermes/bosnacweb05/bosnacweb05cf/b2482/ipg.rhall29047217205/gccesc.org/assets/includes/calendar.extension.php:16
Stack trace:
#0 /hermes/bosnacweb05/bosnacweb05cf/b2482/ipg.rhall29047217205/gccesc.org/assets/includes/calendar.extension.php(16): DateTimeZone->__construct('Etc/Unknown')
#1 /hermes/bosnacweb05/bosnacweb05cf/b2482/ipg.rhall29047217205/gccesc.org/assets/includes/calendar.php(153): AFFC5Calendar_Extensions->convertDateFromTimezone(Object(DateTime), 'US/Mountain', 'Etc/Unknown', 'Y-m-d H:i:s')
#2 /hermes/bosnacweb05/bosnacweb05cf/b2482/ipg.rhall29047217205/gccesc.org/assets/includes/cal_events.php(11): AFFC5Calendar->json_transform()
#3 {main}
  thrown in /hermes/bosnacweb05/bosnacweb05cf/b2482/ipg.rhall29047217205/gccesc.org/assets/includes/calendar.extension.php on line 16
[03-Aug-2024 11:31:07 US/Mountain] PHP Notice:  Undefined index: token in /hermes/bosnacweb05/bosnacweb05cf/b2482/ipg.rhall29047217205/gccesc.org/assets/includes/cal_events.php on line 9
[07-Aug-2024 03:31:43 US/Mountain] PHP Fatal error:  Uncaught Exception: DateTimeZone::__construct(): Unknown or bad timezone (Etc/Unknown) in /hermes/bosnacweb05/bosnacweb05cf/b2482/ipg.rhall29047217205/gccesc.org/assets/includes/calendar.extension.php:16
Stack trace:
#0 /hermes/bosnacweb05/bosnacweb05cf/b2482/ipg.rhall29047217205/gccesc.org/assets/includes/calendar.extension.php(16): DateTimeZone->__construct('Etc/Unknown')
#1 /hermes/bosnacweb05/bosnacweb05cf/b2482/ipg.rhall29047217205/gccesc.org/assets/includes/calendar.php(153): AFFC5Calendar_Extensions->convertDateFromTimezone(Object(DateTime), 'US/Mountain', 'Etc/Unknown', 'Y-m-d H:i:s')
#2 /hermes/bosnacweb05/bosnacweb05cf/b2482/ipg.rhall29047217205/gccesc.org/assets/includes/cal_events.php(11): AFFC5Calendar->json_transform()
#3 {main}
  thrown in /hermes/bosnacweb05/bosnacweb05cf/b2482/ipg.rhall29047217205/gccesc.org/assets/includes/calendar.extension.php on line 16
[07-Aug-2024 03:32:12 US/Mountain] PHP Notice:  Undefined index: token in /hermes/bosnacweb05/bosnacweb05cf/b2482/ipg.rhall29047217205/gccesc.org/assets/includes/cal_events.php on line 9
[07-Aug-2024 03:32:13 US/Mountain] PHP Fatal error:  Uncaught Exception: DateTimeZone::__construct(): Unknown or bad timezone (Etc/Unknown) in /hermes/bosnacweb05/bosnacweb05cf/b2482/ipg.rhall29047217205/gccesc.org/assets/includes/calendar.extension.php:16
Stack trace:
#0 /hermes/bosnacweb05/bosnacweb05cf/b2482/ipg.rhall29047217205/gccesc.org/assets/includes/calendar.extension.php(16): DateTimeZone->__construct('Etc/Unknown')
#1 /hermes/bosnacweb05/bosnacweb05cf/b2482/ipg.rhall29047217205/gccesc.org/assets/includes/calendar.php(153): AFFC5Calendar_Extensions->convertDateFromTimezone(Object(DateTime), 'US/Mountain', 'Etc/Unknown', 'Y-m-d H:i:s')
#2 /hermes/bosnacweb05/bosnacweb05cf/b2482/ipg.rhall29047217205/gccesc.org/assets/includes/cal_events.php(11): AFFC5Calendar->json_transform()
#3 {main}
  thrown in /hermes/bosnacweb05/bosnacweb05cf/b2482/ipg.rhall29047217205/gccesc.org/assets/includes/calendar.extension.php on line 16
[11-Aug-2024 21:40:52 US/Mountain] PHP Notice:  Undefined index: token in /hermes/bosnacweb05/bosnacweb05cf/b2482/ipg.rhall29047217205/gccesc.org/assets/includes/cal_events.php on line 9
[23-Aug-2024 01:56:27 US/Mountain] PHP Notice:  Undefined index: token in /hermes/bosnacweb05/bosnacweb05cf/b2482/ipg.rhall29047217205/gccesc.org/assets/includes/cal_events.php on line 9
[01-Sep-2024 03:45:48 US/Mountain] PHP Notice:  Undefined index: token in /hermes/bosnacweb05/bosnacweb05cf/b2482/ipg.rhall29047217205/gccesc.org/assets/includes/cal_events.php on line 9
[11-Sep-2024 02:31:43 America/Denver] PHP Notice:  Undefined index: token in /hermes/bosnacweb05/bosnacweb05cf/b2482/ipg.rhall29047217205/gccesc.org/assets/includes/cal_events.php on line 9
